warning: Git tree '/home/roland/poetry2nix-testing' is dirty
building '/nix/store/rr7r1psx7548gqiyxbx7zwmryhf21l7x-google-ads-23.0.0.tar.gz.drv'...
building '/nix/store/f5lxa5nrdky8pvc703j08s4kvkfxmf0k-python3.11-google-api-core-2.17.1.drv'...
building '/nix/store/mikvzq12bgc3hbhl5z1s1ybri6sha56n-python3.11-grpcio-status-1.62.0.drv'...
building '/nix/store/43glbgki3n8x5n6jclj0fhf9nrzqlmbv-python3.11-requests-oauthlib-1.3.1.drv'...
building '/nix/store/ynfdq36qz66rwkdd36chbd6fcv78ssb4-python3.11-google-auth-oauthlib-1.2.0.drv'...
building '/nix/store/0s5pwxnm1g4aaf63v9vsh7nlf6g31b08-python3.11-google-ads-23.0.0.drv'...
error: builder for '/nix/store/0s5pwxnm1g4aaf63v9vsh7nlf6g31b08-python3.11-google-ads-23.0.0.drv' failed with exit code 2;
       last 10 log lines:
       >   File "<frozen importlib._bootstrap>", line 1204, in _gcd_import
       >   File "<frozen importlib._bootstrap>", line 1176, in _find_and_load
       >   File "<frozen importlib._bootstrap>", line 1126, in _find_and_load_unlocked
       >   File "<frozen importlib._bootstrap>", line 241, in _call_with_frames_removed
       >   File "<frozen importlib._bootstrap>", line 1204, in _gcd_import
       >   File "<frozen importlib._bootstrap>", line 1176, in _find_and_load
       >   File "<frozen importlib._bootstrap>", line 1140, in _find_and_load_unlocked
       > ModuleNotFoundError: No module named 'setuptools'
       > 
       > 
       For full logs, run 'nix log /nix/store/0s5pwxnm1g4aaf63v9vsh7nlf6g31b08-python3.11-google-ads-23.0.0.drv'.
error: 1 dependencies of derivation '/nix/store/892d2cp7vifddbi5zcr0hgp03m98yhw0-nix-shell-env.drv' failed to build
