Sourcing python-remove-tests-dir-hook
Sourcing python-catch-conflicts-hook.sh
Sourcing python-remove-bin-bytecode-hook.sh
Sourcing pypa-build-hook
Using pypaBuildPhase
Sourcing pypa-install-hook
Using pypaInstallPhase
Sourcing python-imports-check-hook.sh
Using pythonImportsCheckPhase
Sourcing python-namespaces-hook
Sourcing python-catch-conflicts-hook.sh
@nix { "action": "setPhase", "phase": "unpackPhase" }
Running phase: unpackPhase
unpacking source archive /nix/store/r4zy5hm702h4b1abf1sgvw56acpc3dj8-source
source root is source
setting SOURCE_DATE_EPOCH to timestamp 315619200 of file source/tests/test_jquery_installed.py
@nix { "action": "setPhase", "phase": "patchPhase" }
Running phase: patchPhase
applying patch /nix/store/z2p8xbq01qwini9jiyarwsvwrqk9lnp2-fix-tests-with-sphinx7.1.patch
patching file .github/workflows/test.yml
patching file tests/test_jquery_installed.py
applying patch /nix/store/72zbxb7z18nzg9kngif75w0qh4p8k941-fix-tests-with-sphinx7.2.patch
patching file tests/test_jquery_installed.py
@nix { "action": "setPhase", "phase": "updateAutotoolsGnuConfigScriptsPhase" }
Running phase: updateAutotoolsGnuConfigScriptsPhase
@nix { "action": "setPhase", "phase": "configurePhase" }
Running phase: configurePhase
no configure script, doing nothing
@nix { "action": "setPhase", "phase": "buildPhase" }
Running phase: buildPhase
Executing pypaBuildPhase
Creating a wheel...
[1m* Getting build dependencies for wheel...[0m
[1m* Building wheel...[0m
[1m[92mSuccessfully built [4msphinxcontrib_jquery-4.1-py2.py3-none-any.whl[0m[1m[92m[0m
Finished creating a wheel...
Finished executing pypaBuildPhase
@nix { "action": "setPhase", "phase": "installPhase" }
Running phase: installPhase
Executing pypaInstallPhase
Successfully installed sphinxcontrib_jquery-4.1-py2.py3-none-any.whl
Finished executing pypaInstallPhase
@nix { "action": "setPhase", "phase": "pythonOutputDistPhase" }
Running phase: pythonOutputDistPhase
Executing pythonOutputDistPhase
Finished executing pythonOutputDistPhase
@nix { "action": "setPhase", "phase": "fixupPhase" }
Running phase: fixupPhase
shrinking RPATHs of ELF executables and libraries in /nix/store/pbx86iidhb639fpw5v5dzqb11r30vr3a-python3.11-sphinxcontrib-jquery-4.1
checking for references to /build/ in /nix/store/pbx86iidhb639fpw5v5dzqb11r30vr3a-python3.11-sphinxcontrib-jquery-4.1...
patching script interpreter paths in /nix/store/pbx86iidhb639fpw5v5dzqb11r30vr3a-python3.11-sphinxcontrib-jquery-4.1
stripping (with command strip and flags -S -p) in  /nix/store/pbx86iidhb639fpw5v5dzqb11r30vr3a-python3.11-sphinxcontrib-jquery-4.1/lib
shrinking RPATHs of ELF executables and libraries in /nix/store/r1sz152wbcf2vqylij7p9sxayi0h8b22-python3.11-sphinxcontrib-jquery-4.1-dist
checking for references to /build/ in /nix/store/r1sz152wbcf2vqylij7p9sxayi0h8b22-python3.11-sphinxcontrib-jquery-4.1-dist...
patching script interpreter paths in /nix/store/r1sz152wbcf2vqylij7p9sxayi0h8b22-python3.11-sphinxcontrib-jquery-4.1-dist
Executing pythonRemoveTestsDir
Finished executing pythonRemoveTestsDir
Executing pythonNamespacesHook
Enforcing PEP420 namespace: sphinxcontrib
Finished executing pythonNamespacesHook
@nix { "action": "setPhase", "phase": "pythonCatchConflictsPhase" }
Running phase: pythonCatchConflictsPhase
@nix { "action": "setPhase", "phase": "pythonRemoveBinBytecodePhase" }
Running phase: pythonRemoveBinBytecodePhase
@nix { "action": "setPhase", "phase": "pythonImportsCheckPhase" }
Running phase: pythonImportsCheckPhase
Executing pythonImportsCheckPhase
Check whether the following modules can be imported: sphinxcontrib.jquery
Traceback (most recent call last):
  File "<string>", line 1, in <module>
  File "<string>", line 1, in <lambda>
  File "/nix/store/5k91mg4qjylxbfvrv748smfh51ppjq0g-python3-3.11.6/lib/python3.11/importlib/__init__.py", line 126, in import_module
    return _bootstrap._gcd_import(name[level:], package, level)
           ^^^^^^^^^^^^^^^^^^^^^^^^^^^^^^^^^^^^^^^^^^^^^^^^^^^^
  File "<frozen importlib._bootstrap>", line 1204, in _gcd_import
  File "<frozen importlib._bootstrap>", line 1176, in _find_and_load
  File "<frozen importlib._bootstrap>", line 1147, in _find_and_load_unlocked
  File "<frozen importlib._bootstrap>", line 690, in _load_unlocked
  File "<frozen importlib._bootstrap_external>", line 940, in exec_module
  File "<frozen importlib._bootstrap>", line 241, in _call_with_frames_removed
  File "/nix/store/pbx86iidhb639fpw5v5dzqb11r30vr3a-python3.11-sphinxcontrib-jquery-4.1/lib/python3.11/site-packages/sphinxcontrib/jquery/__init__.py", line 4, in <module>
    import sphinx
ModuleNotFoundError: No module named 'sphinx'
