warning: Git tree '/home/roland/poetry2nix-testing' is dirty
trace: warning: Unknown cryptography version: '42.0.4'. Please update getCargoHash.
building '/nix/store/9ich3p4l3x39n7azf2h5agxj70iinmqy-pdfplumber-0.10.4.tar.gz.drv'...
building '/nix/store/3j6n8w1xghsqfcxbv7zi8xdfqwwfdslk-pypdfium2-4.27.0.tar.gz.drv'...
building '/nix/store/4iaasckjamfqnrj3znljkhlikbfqnszy-python3.11-pypdfium2-4.27.0.drv'...
error: builder for '/nix/store/4iaasckjamfqnrj3znljkhlikbfqnszy-python3.11-pypdfium2-4.27.0.drv' failed with exit code 2;
       last 10 log lines:
       >   File "<frozen importlib._bootstrap>", line 1204, in _gcd_import
       >   File "<frozen importlib._bootstrap>", line 1176, in _find_and_load
       >   File "<frozen importlib._bootstrap>", line 1126, in _find_and_load_unlocked
       >   File "<frozen importlib._bootstrap>", line 241, in _call_with_frames_removed
       >   File "<frozen importlib._bootstrap>", line 1204, in _gcd_import
       >   File "<frozen importlib._bootstrap>", line 1176, in _find_and_load
       >   File "<frozen importlib._bootstrap>", line 1140, in _find_and_load_unlocked
       > ModuleNotFoundError: No module named 'setuptools'
       > 
       > 
       For full logs, run 'nix log /nix/store/4iaasckjamfqnrj3znljkhlikbfqnszy-python3.11-pypdfium2-4.27.0.drv'.
error: 1 dependencies of derivation '/nix/store/bb2v5by0wvnmvh6k1ahhxxdq6s2qibiq-python3.11-pdfplumber-0.10.4.drv' failed to build
error: 1 dependencies of derivation '/nix/store/vm5rjdvcal599h109lqjfhd7fwlbirfm-nix-shell-env.drv' failed to build
