Sourcing python-remove-tests-dir-hook
Sourcing python-catch-conflicts-hook.sh
Sourcing python-remove-bin-bytecode-hook.sh
Sourcing wheel setup hook
Using wheelUnpackPhase
Sourcing pypa-install-hook
Using pypaInstallPhase
Sourcing python-imports-check-hook.sh
Using pythonImportsCheckPhase
Sourcing python-namespaces-hook
Sourcing python-catch-conflicts-hook.sh
@nix { "action": "setPhase", "phase": "unpackPhase" }
Running phase: unpackPhase
Executing wheelUnpackPhase
Finished executing wheelUnpackPhase
@nix { "action": "setPhase", "phase": "patchPhase" }
Running phase: patchPhase
@nix { "action": "setPhase", "phase": "updateAutotoolsGnuConfigScriptsPhase" }
Running phase: updateAutotoolsGnuConfigScriptsPhase
@nix { "action": "setPhase", "phase": "configurePhase" }
Running phase: configurePhase
no configure script, doing nothing
@nix { "action": "setPhase", "phase": "buildPhase" }
Running phase: buildPhase
no Makefile or custom buildPhase, doing nothing
@nix { "action": "setPhase", "phase": "installPhase" }
Running phase: installPhase
Executing pypaInstallPhase
Successfully installed onnxruntime_gpu-1.17.0-cp311-cp311-manylinux_2_28_x86_64.whl
Finished executing pypaInstallPhase
@nix { "action": "setPhase", "phase": "pythonOutputDistPhase" }
Running phase: pythonOutputDistPhase
Executing pythonOutputDistPhase
Finished executing pythonOutputDistPhase
@nix { "action": "setPhase", "phase": "fixupPhase" }
Running phase: fixupPhase
shrinking RPATHs of ELF executables and libraries in /nix/store/rbdzn54dhsq78d9lxpar2f1x5d2dvdb6-python3.11-onnxruntime-gpu-1.17.0
shrinking /nix/store/rbdzn54dhsq78d9lxpar2f1x5d2dvdb6-python3.11-onnxruntime-gpu-1.17.0/lib/python3.11/site-packages/onnxruntime/capi/libonnxruntime_providers_cuda.so
shrinking /nix/store/rbdzn54dhsq78d9lxpar2f1x5d2dvdb6-python3.11-onnxruntime-gpu-1.17.0/lib/python3.11/site-packages/onnxruntime/capi/libonnxruntime_providers_shared.so
shrinking /nix/store/rbdzn54dhsq78d9lxpar2f1x5d2dvdb6-python3.11-onnxruntime-gpu-1.17.0/lib/python3.11/site-packages/onnxruntime/capi/libonnxruntime_providers_tensorrt.so
shrinking /nix/store/rbdzn54dhsq78d9lxpar2f1x5d2dvdb6-python3.11-onnxruntime-gpu-1.17.0/lib/python3.11/site-packages/onnxruntime/capi/onnxruntime_pybind11_state.cpython-311-x86_64-linux-gnu.so
checking for references to /build/ in /nix/store/rbdzn54dhsq78d9lxpar2f1x5d2dvdb6-python3.11-onnxruntime-gpu-1.17.0...
patching script interpreter paths in /nix/store/rbdzn54dhsq78d9lxpar2f1x5d2dvdb6-python3.11-onnxruntime-gpu-1.17.0
shrinking RPATHs of ELF executables and libraries in /nix/store/1jwv5301pdzqj7xnx61qqjkrlswdskc8-python3.11-onnxruntime-gpu-1.17.0-dist
checking for references to /build/ in /nix/store/1jwv5301pdzqj7xnx61qqjkrlswdskc8-python3.11-onnxruntime-gpu-1.17.0-dist...
patching script interpreter paths in /nix/store/1jwv5301pdzqj7xnx61qqjkrlswdskc8-python3.11-onnxruntime-gpu-1.17.0-dist
Rewriting #!/nix/store/5k91mg4qjylxbfvrv748smfh51ppjq0g-python3-3.11.6/bin/python3.11 to #!/nix/store/5k91mg4qjylxbfvrv748smfh51ppjq0g-python3-3.11.6
wrapping `/nix/store/rbdzn54dhsq78d9lxpar2f1x5d2dvdb6-python3.11-onnxruntime-gpu-1.17.0/bin/onnxruntime_test'...
Executing pythonRemoveTestsDir
Finished executing pythonRemoveTestsDir
automatically fixing dependencies for ELF files
{'append_rpaths': [],
 'extra_args': [],
 'ignore_missing': [],
 'libs': [PosixPath('/nix/store/3qy7jysnh2ml8v4mrabqs8hqcz3l2ifx-libGL-1.7.0/lib'),
          PosixPath('/nix/store/17q8wwz5i8bcrxlp2558kv1zsnpki1sa-libICE-1.1.1/lib'),
          PosixPath('/nix/store/glhkd82yzv6a03m6dl61w0fxy43j1f6r-libSM-1.2.4/lib'),
          PosixPath('/nix/store/y8f8j7nb52l30cg8x0clk9k91fpi224v-libX11-1.8.7/lib'),
          PosixPath('/nix/store/2sr0r9cw0vz9q7yddqpj5f83ixgn82jc-libXext-1.3.5/lib'),
          PosixPath('/nix/store/2sk6r0jdn46kcl99ka47yi4m9wsdqwyp-libXrender-0.9.11/lib'),
          PosixPath('/nix/store/9y8pmvk8gdwwznmkzxa6pwyah52xy3nk-glibc-2.38-27/lib'),
          PosixPath('/nix/store/dj4dd4b59f1rxx10p1yx73pnbb2m1j6n-expat-2.5.0/lib'),
          PosixPath('/nix/store/2if9iy5cy0bicwafllpa2aiq30v26app-glib-2.78.1/lib'),
          PosixPath('/nix/store/dghjv6hfz0s0z4kffa5ahyw2mhp79215-gcc-12.3.0-lib/lib'),
          PosixPath('/nix/store/lprrvg44cyn9ajpq77lh7rlnp4kzdqzs-zlib-1.3/lib'),
          PosixPath('/nix/store/iyvcylhy88gr7nh67d97s8bbnk0q7mdl-python3.11-coloredlogs-15.0.1/lib'),
          PosixPath('/nix/store/mgaj15lbvkb86vakk6ixlxpgagln1y7c-python3.11-humanfriendly-10.0/lib'),
          PosixPath('/nix/store/5k91mg4qjylxbfvrv748smfh51ppjq0g-python3-3.11.6/lib'),
          PosixPath('/nix/store/5k91mg4qjylxbfvrv748smfh51ppjq0g-python3-3.11.6/lib'),
          PosixPath('/nix/store/hgz3zcrivvwvs2a2h2zlfynvqk9gj8xm-python3.11-flatbuffers-23.5.26/lib'),
          PosixPath('/nix/store/0w86287vi5gnwh3q0pfw6g97vwm7m69d-python3.11-numpy-1.26.3/lib'),
          PosixPath('/nix/store/av5p4cr6pgp7fl45m2zxvr4szkj9c5dd-python3.11-packaging-23.1/lib'),
          PosixPath('/nix/store/ksrf6gn6jm7fmvk5dpb4v1kgjs9yfbkc-python3.11-protobuf-4.25.3/lib'),
          PosixPath('/nix/store/sxjphj28srf95lrb7mgygyypvk4ndzkl-python3.11-sympy-1.12/lib'),
          PosixPath('/nix/store/vhb7kaisiqsqfl6kh4c0fi3yn48mj96w-python3.11-mpmath-1.3.0/lib')],
 'paths': [PosixPath('/nix/store/rbdzn54dhsq78d9lxpar2f1x5d2dvdb6-python3.11-onnxruntime-gpu-1.17.0'),
           PosixPath('/nix/store/1jwv5301pdzqj7xnx61qqjkrlswdskc8-python3.11-onnxruntime-gpu-1.17.0-dist')],
 'recursive': True,
 'runtime_dependencies': []}
searching for dependencies of /nix/store/rbdzn54dhsq78d9lxpar2f1x5d2dvdb6-python3.11-onnxruntime-gpu-1.17.0/lib/python3.11/site-packages/onnxruntime/capi/libonnxruntime_providers_cuda.so
    libcublasLt.so.11 -> not found!
    libcublas.so.11 -> not found!
    libcudnn.so.8 -> not found!
    libcurand.so.10 -> not found!
    libcufft.so.10 -> not found!
    libcudart.so.11.0 -> not found!
    libstdc++.so.6 -> found: /nix/store/dghjv6hfz0s0z4kffa5ahyw2mhp79215-gcc-12.3.0-lib/lib
    libgcc_s.so.1 -> found: /nix/store/l3lhzwrfgzncjj1z4wyq6kkrp6czx5qp-gcc-12.3.0-libgcc/lib
setting RPATH to: /nix/store/dghjv6hfz0s0z4kffa5ahyw2mhp79215-gcc-12.3.0-lib/lib:/nix/store/l3lhzwrfgzncjj1z4wyq6kkrp6czx5qp-gcc-12.3.0-libgcc/lib
searching for dependencies of /nix/store/rbdzn54dhsq78d9lxpar2f1x5d2dvdb6-python3.11-onnxruntime-gpu-1.17.0/lib/python3.11/site-packages/onnxruntime/capi/libonnxruntime_providers_shared.so
    libstdc++.so.6 -> found: /nix/store/dghjv6hfz0s0z4kffa5ahyw2mhp79215-gcc-12.3.0-lib/lib
    libgcc_s.so.1 -> found: /nix/store/l3lhzwrfgzncjj1z4wyq6kkrp6czx5qp-gcc-12.3.0-libgcc/lib
setting RPATH to: /nix/store/dghjv6hfz0s0z4kffa5ahyw2mhp79215-gcc-12.3.0-lib/lib:/nix/store/l3lhzwrfgzncjj1z4wyq6kkrp6czx5qp-gcc-12.3.0-libgcc/lib
searching for dependencies of /nix/store/rbdzn54dhsq78d9lxpar2f1x5d2dvdb6-python3.11-onnxruntime-gpu-1.17.0/lib/python3.11/site-packages/onnxruntime/capi/libonnxruntime_providers_tensorrt.so
    libcudnn.so.8 -> not found!
    libcublas.so.11 -> not found!
    libnvinfer.so.8 -> not found!
    libnvinfer_plugin.so.8 -> not found!
    libnvonnxparser.so.8 -> not found!
    libcudart.so.11.0 -> not found!
    libz.so.1 -> found: /nix/store/lprrvg44cyn9ajpq77lh7rlnp4kzdqzs-zlib-1.3/lib
    libstdc++.so.6 -> found: /nix/store/dghjv6hfz0s0z4kffa5ahyw2mhp79215-gcc-12.3.0-lib/lib
    libgcc_s.so.1 -> found: /nix/store/l3lhzwrfgzncjj1z4wyq6kkrp6czx5qp-gcc-12.3.0-libgcc/lib
setting RPATH to: /nix/store/lprrvg44cyn9ajpq77lh7rlnp4kzdqzs-zlib-1.3/lib:/nix/store/dghjv6hfz0s0z4kffa5ahyw2mhp79215-gcc-12.3.0-lib/lib:/nix/store/l3lhzwrfgzncjj1z4wyq6kkrp6czx5qp-gcc-12.3.0-libgcc/lib
searching for dependencies of /nix/store/rbdzn54dhsq78d9lxpar2f1x5d2dvdb6-python3.11-onnxruntime-gpu-1.17.0/lib/python3.11/site-packages/onnxruntime/capi/onnxruntime_pybind11_state.cpython-311-x86_64-linux-gnu.so
    libz.so.1 -> found: /nix/store/lprrvg44cyn9ajpq77lh7rlnp4kzdqzs-zlib-1.3/lib
    libstdc++.so.6 -> found: /nix/store/dghjv6hfz0s0z4kffa5ahyw2mhp79215-gcc-12.3.0-lib/lib
    libgcc_s.so.1 -> found: /nix/store/l3lhzwrfgzncjj1z4wyq6kkrp6czx5qp-gcc-12.3.0-libgcc/lib
setting RPATH to: /nix/store/lprrvg44cyn9ajpq77lh7rlnp4kzdqzs-zlib-1.3/lib:/nix/store/dghjv6hfz0s0z4kffa5ahyw2mhp79215-gcc-12.3.0-lib/lib:/nix/store/l3lhzwrfgzncjj1z4wyq6kkrp6czx5qp-gcc-12.3.0-libgcc/lib
auto-patchelf: 12 dependencies could not be satisfied
error: auto-patchelf could not satisfy dependency libcublasLt.so.11 wanted by /nix/store/rbdzn54dhsq78d9lxpar2f1x5d2dvdb6-python3.11-onnxruntime-gpu-1.17.0/lib/python3.11/site-packages/onnxruntime/capi/libonnxruntime_providers_cuda.so
error: auto-patchelf could not satisfy dependency libcublas.so.11 wanted by /nix/store/rbdzn54dhsq78d9lxpar2f1x5d2dvdb6-python3.11-onnxruntime-gpu-1.17.0/lib/python3.11/site-packages/onnxruntime/capi/libonnxruntime_providers_cuda.so
error: auto-patchelf could not satisfy dependency libcudnn.so.8 wanted by /nix/store/rbdzn54dhsq78d9lxpar2f1x5d2dvdb6-python3.11-onnxruntime-gpu-1.17.0/lib/python3.11/site-packages/onnxruntime/capi/libonnxruntime_providers_cuda.so
error: auto-patchelf could not satisfy dependency libcurand.so.10 wanted by /nix/store/rbdzn54dhsq78d9lxpar2f1x5d2dvdb6-python3.11-onnxruntime-gpu-1.17.0/lib/python3.11/site-packages/onnxruntime/capi/libonnxruntime_providers_cuda.so
error: auto-patchelf could not satisfy dependency libcufft.so.10 wanted by /nix/store/rbdzn54dhsq78d9lxpar2f1x5d2dvdb6-python3.11-onnxruntime-gpu-1.17.0/lib/python3.11/site-packages/onnxruntime/capi/libonnxruntime_providers_cuda.so
error: auto-patchelf could not satisfy dependency libcudart.so.11.0 wanted by /nix/store/rbdzn54dhsq78d9lxpar2f1x5d2dvdb6-python3.11-onnxruntime-gpu-1.17.0/lib/python3.11/site-packages/onnxruntime/capi/libonnxruntime_providers_cuda.so
error: auto-patchelf could not satisfy dependency libcudnn.so.8 wanted by /nix/store/rbdzn54dhsq78d9lxpar2f1x5d2dvdb6-python3.11-onnxruntime-gpu-1.17.0/lib/python3.11/site-packages/onnxruntime/capi/libonnxruntime_providers_tensorrt.so
error: auto-patchelf could not satisfy dependency libcublas.so.11 wanted by /nix/store/rbdzn54dhsq78d9lxpar2f1x5d2dvdb6-python3.11-onnxruntime-gpu-1.17.0/lib/python3.11/site-packages/onnxruntime/capi/libonnxruntime_providers_tensorrt.so
error: auto-patchelf could not satisfy dependency libnvinfer.so.8 wanted by /nix/store/rbdzn54dhsq78d9lxpar2f1x5d2dvdb6-python3.11-onnxruntime-gpu-1.17.0/lib/python3.11/site-packages/onnxruntime/capi/libonnxruntime_providers_tensorrt.so
error: auto-patchelf could not satisfy dependency libnvinfer_plugin.so.8 wanted by /nix/store/rbdzn54dhsq78d9lxpar2f1x5d2dvdb6-python3.11-onnxruntime-gpu-1.17.0/lib/python3.11/site-packages/onnxruntime/capi/libonnxruntime_providers_tensorrt.so
error: auto-patchelf could not satisfy dependency libnvonnxparser.so.8 wanted by /nix/store/rbdzn54dhsq78d9lxpar2f1x5d2dvdb6-python3.11-onnxruntime-gpu-1.17.0/lib/python3.11/site-packages/onnxruntime/capi/libonnxruntime_providers_tensorrt.so
error: auto-patchelf could not satisfy dependency libcudart.so.11.0 wanted by /nix/store/rbdzn54dhsq78d9lxpar2f1x5d2dvdb6-python3.11-onnxruntime-gpu-1.17.0/lib/python3.11/site-packages/onnxruntime/capi/libonnxruntime_providers_tensorrt.so
auto-patchelf failed to find all the required dependencies.
Add the missing dependencies to --libs or use `--ignore-missing="foo.so.1 bar.so etc.so"`.
/nix/store/d4jf1cbbk494zwgbqz31pxgigpsbh6w2-stdenv-linux/setup: line 74: pop_var_context: head of shell_variables not a function context
/nix/store/d4jf1cbbk494zwgbqz31pxgigpsbh6w2-stdenv-linux/setup: line 1450: pop_var_context: head of shell_variables not a function context
/nix/store/d4jf1cbbk494zwgbqz31pxgigpsbh6w2-stdenv-linux/setup: line 1553: pop_var_context: head of shell_variables not a function context
