Sourcing python-remove-tests-dir-hook
Sourcing python-catch-conflicts-hook.sh
Sourcing python-remove-bin-bytecode-hook.sh
Sourcing wheel setup hook
Using wheelUnpackPhase
Sourcing pypa-install-hook
Using pypaInstallPhase
Sourcing python-imports-check-hook.sh
Using pythonImportsCheckPhase
Sourcing python-namespaces-hook
Sourcing python-catch-conflicts-hook.sh
@nix { "action": "setPhase", "phase": "unpackPhase" }
Running phase: unpackPhase
Executing wheelUnpackPhase
Finished executing wheelUnpackPhase
@nix { "action": "setPhase", "phase": "patchPhase" }
Running phase: patchPhase
@nix { "action": "setPhase", "phase": "updateAutotoolsGnuConfigScriptsPhase" }
Running phase: updateAutotoolsGnuConfigScriptsPhase
@nix { "action": "setPhase", "phase": "configurePhase" }
Running phase: configurePhase
no configure script, doing nothing
@nix { "action": "setPhase", "phase": "buildPhase" }
Running phase: buildPhase
no Makefile or custom buildPhase, doing nothing
@nix { "action": "setPhase", "phase": "installPhase" }
Running phase: installPhase
Executing pypaInstallPhase
Successfully installed dotnetcore2-3.1.23-py3-none-manylinux1_x86_64.whl
Finished executing pypaInstallPhase
@nix { "action": "setPhase", "phase": "pythonOutputDistPhase" }
Running phase: pythonOutputDistPhase
Executing pythonOutputDistPhase
Finished executing pythonOutputDistPhase
@nix { "action": "setPhase", "phase": "fixupPhase" }
Running phase: fixupPhase
shrinking RPATHs of ELF executables and libraries in /nix/store/s8cchph2qg0a3b4wcykqxkimswfs0y5n-python3.11-dotnetcore2-3.1.23
shrinking /nix/store/s8cchph2qg0a3b4wcykqxkimswfs0y5n-python3.11-dotnetcore2-3.1.23/lib/python3.11/site-packages/dotnetcore2/bin/shared/Microsoft.NETCore.App/3.1.23/System.Net.Security.Native.so
shrinking /nix/store/s8cchph2qg0a3b4wcykqxkimswfs0y5n-python3.11-dotnetcore2-3.1.23/lib/python3.11/site-packages/dotnetcore2/bin/shared/Microsoft.NETCore.App/3.1.23/System.Globalization.Native.so
shrinking /nix/store/s8cchph2qg0a3b4wcykqxkimswfs0y5n-python3.11-dotnetcore2-3.1.23/lib/python3.11/site-packages/dotnetcore2/bin/shared/Microsoft.NETCore.App/3.1.23/System.Security.Cryptography.Native.OpenSsl.so
shrinking /nix/store/s8cchph2qg0a3b4wcykqxkimswfs0y5n-python3.11-dotnetcore2-3.1.23/lib/python3.11/site-packages/dotnetcore2/bin/shared/Microsoft.NETCore.App/3.1.23/System.IO.Compression.Native.so
shrinking /nix/store/s8cchph2qg0a3b4wcykqxkimswfs0y5n-python3.11-dotnetcore2-3.1.23/lib/python3.11/site-packages/dotnetcore2/bin/shared/Microsoft.NETCore.App/3.1.23/libdbgshim.so
shrinking /nix/store/s8cchph2qg0a3b4wcykqxkimswfs0y5n-python3.11-dotnetcore2-3.1.23/lib/python3.11/site-packages/dotnetcore2/bin/shared/Microsoft.NETCore.App/3.1.23/libhostpolicy.so
shrinking /nix/store/s8cchph2qg0a3b4wcykqxkimswfs0y5n-python3.11-dotnetcore2-3.1.23/lib/python3.11/site-packages/dotnetcore2/bin/shared/Microsoft.NETCore.App/3.1.23/libclrjit.so
shrinking /nix/store/s8cchph2qg0a3b4wcykqxkimswfs0y5n-python3.11-dotnetcore2-3.1.23/lib/python3.11/site-packages/dotnetcore2/bin/shared/Microsoft.NETCore.App/3.1.23/libmscordbi.so
shrinking /nix/store/s8cchph2qg0a3b4wcykqxkimswfs0y5n-python3.11-dotnetcore2-3.1.23/lib/python3.11/site-packages/dotnetcore2/bin/shared/Microsoft.NETCore.App/3.1.23/System.Native.so
shrinking /nix/store/s8cchph2qg0a3b4wcykqxkimswfs0y5n-python3.11-dotnetcore2-3.1.23/lib/python3.11/site-packages/dotnetcore2/bin/shared/Microsoft.NETCore.App/3.1.23/createdump
shrinking /nix/store/s8cchph2qg0a3b4wcykqxkimswfs0y5n-python3.11-dotnetcore2-3.1.23/lib/python3.11/site-packages/dotnetcore2/bin/shared/Microsoft.NETCore.App/3.1.23/System.Net.Http.Native.so
shrinking /nix/store/s8cchph2qg0a3b4wcykqxkimswfs0y5n-python3.11-dotnetcore2-3.1.23/lib/python3.11/site-packages/dotnetcore2/bin/shared/Microsoft.NETCore.App/3.1.23/libcoreclr.so
shrinking /nix/store/s8cchph2qg0a3b4wcykqxkimswfs0y5n-python3.11-dotnetcore2-3.1.23/lib/python3.11/site-packages/dotnetcore2/bin/shared/Microsoft.NETCore.App/3.1.23/libcoreclrtraceptprovider.so
shrinking /nix/store/s8cchph2qg0a3b4wcykqxkimswfs0y5n-python3.11-dotnetcore2-3.1.23/lib/python3.11/site-packages/dotnetcore2/bin/shared/Microsoft.NETCore.App/3.1.23/libmscordaccore.so
shrinking /nix/store/s8cchph2qg0a3b4wcykqxkimswfs0y5n-python3.11-dotnetcore2-3.1.23/lib/python3.11/site-packages/dotnetcore2/bin/dotnet
shrinking /nix/store/s8cchph2qg0a3b4wcykqxkimswfs0y5n-python3.11-dotnetcore2-3.1.23/lib/python3.11/site-packages/dotnetcore2/bin/host/fxr/3.1.23/libhostfxr.so
checking for references to /build/ in /nix/store/s8cchph2qg0a3b4wcykqxkimswfs0y5n-python3.11-dotnetcore2-3.1.23...
patching script interpreter paths in /nix/store/s8cchph2qg0a3b4wcykqxkimswfs0y5n-python3.11-dotnetcore2-3.1.23
shrinking RPATHs of ELF executables and libraries in /nix/store/il30yrnzi75n1amrqpbs4hzw768x10gk-python3.11-dotnetcore2-3.1.23-dist
checking for references to /build/ in /nix/store/il30yrnzi75n1amrqpbs4hzw768x10gk-python3.11-dotnetcore2-3.1.23-dist...
patching script interpreter paths in /nix/store/il30yrnzi75n1amrqpbs4hzw768x10gk-python3.11-dotnetcore2-3.1.23-dist
Executing pythonRemoveTestsDir
Finished executing pythonRemoveTestsDir
automatically fixing dependencies for ELF files
{'append_rpaths': [],
 'extra_args': [],
 'ignore_missing': [],
 'libs': [PosixPath('/nix/store/3qy7jysnh2ml8v4mrabqs8hqcz3l2ifx-libGL-1.7.0/lib'),
          PosixPath('/nix/store/17q8wwz5i8bcrxlp2558kv1zsnpki1sa-libICE-1.1.1/lib'),
          PosixPath('/nix/store/glhkd82yzv6a03m6dl61w0fxy43j1f6r-libSM-1.2.4/lib'),
          PosixPath('/nix/store/y8f8j7nb52l30cg8x0clk9k91fpi224v-libX11-1.8.7/lib'),
          PosixPath('/nix/store/2sr0r9cw0vz9q7yddqpj5f83ixgn82jc-libXext-1.3.5/lib'),
          PosixPath('/nix/store/2sk6r0jdn46kcl99ka47yi4m9wsdqwyp-libXrender-0.9.11/lib'),
          PosixPath('/nix/store/9y8pmvk8gdwwznmkzxa6pwyah52xy3nk-glibc-2.38-27/lib'),
          PosixPath('/nix/store/jh2dj172jmmlw74kw4bsqa5ycf1blv4v-libxcrypt-4.4.36/lib'),
          PosixPath('/nix/store/dj4dd4b59f1rxx10p1yx73pnbb2m1j6n-expat-2.5.0/lib'),
          PosixPath('/nix/store/2if9iy5cy0bicwafllpa2aiq30v26app-glib-2.78.1/lib'),
          PosixPath('/nix/store/jjywzr5di4zc25k2x70w6nrs0cijmvav-ncurses-abi5-compat-6.4/lib'),
          PosixPath('/nix/store/dghjv6hfz0s0z4kffa5ahyw2mhp79215-gcc-12.3.0-lib/lib'),
          PosixPath('/nix/store/lprrvg44cyn9ajpq77lh7rlnp4kzdqzs-zlib-1.3/lib'),
          PosixPath('/nix/store/azxq63abc7j4w2wqrxj87jmg8ap8dzjn-python3.11-distro-1.9.0/lib'),
          PosixPath('/nix/store/5k91mg4qjylxbfvrv748smfh51ppjq0g-python3-3.11.6/lib'),
          PosixPath('/nix/store/5k91mg4qjylxbfvrv748smfh51ppjq0g-python3-3.11.6/lib')],
 'paths': [PosixPath('/nix/store/s8cchph2qg0a3b4wcykqxkimswfs0y5n-python3.11-dotnetcore2-3.1.23'),
           PosixPath('/nix/store/il30yrnzi75n1amrqpbs4hzw768x10gk-python3.11-dotnetcore2-3.1.23-dist')],
 'recursive': True,
 'runtime_dependencies': []}
setting interpreter of /nix/store/s8cchph2qg0a3b4wcykqxkimswfs0y5n-python3.11-dotnetcore2-3.1.23/lib/python3.11/site-packages/dotnetcore2/bin/dotnet
searching for dependencies of /nix/store/s8cchph2qg0a3b4wcykqxkimswfs0y5n-python3.11-dotnetcore2-3.1.23/lib/python3.11/site-packages/dotnetcore2/bin/dotnet
    libstdc++.so.6 -> found: /nix/store/dghjv6hfz0s0z4kffa5ahyw2mhp79215-gcc-12.3.0-lib/lib
    libgcc_s.so.1 -> found: /nix/store/l3lhzwrfgzncjj1z4wyq6kkrp6czx5qp-gcc-12.3.0-libgcc/lib
setting RPATH to: /nix/store/dghjv6hfz0s0z4kffa5ahyw2mhp79215-gcc-12.3.0-lib/lib:/nix/store/l3lhzwrfgzncjj1z4wyq6kkrp6czx5qp-gcc-12.3.0-libgcc/lib
searching for dependencies of /nix/store/s8cchph2qg0a3b4wcykqxkimswfs0y5n-python3.11-dotnetcore2-3.1.23/lib/python3.11/site-packages/dotnetcore2/bin/shared/Microsoft.NETCore.App/3.1.23/System.Net.Security.Native.so
    libgssapi_krb5.so.2 -> not found!
searching for dependencies of /nix/store/s8cchph2qg0a3b4wcykqxkimswfs0y5n-python3.11-dotnetcore2-3.1.23/lib/python3.11/site-packages/dotnetcore2/bin/shared/Microsoft.NETCore.App/3.1.23/System.Globalization.Native.so
searching for dependencies of /nix/store/s8cchph2qg0a3b4wcykqxkimswfs0y5n-python3.11-dotnetcore2-3.1.23/lib/python3.11/site-packages/dotnetcore2/bin/shared/Microsoft.NETCore.App/3.1.23/System.Security.Cryptography.Native.OpenSsl.so
searching for dependencies of /nix/store/s8cchph2qg0a3b4wcykqxkimswfs0y5n-python3.11-dotnetcore2-3.1.23/lib/python3.11/site-packages/dotnetcore2/bin/shared/Microsoft.NETCore.App/3.1.23/System.IO.Compression.Native.so
    libz.so.1 -> found: /nix/store/lprrvg44cyn9ajpq77lh7rlnp4kzdqzs-zlib-1.3/lib
setting RPATH to: /nix/store/lprrvg44cyn9ajpq77lh7rlnp4kzdqzs-zlib-1.3/lib
searching for dependencies of /nix/store/s8cchph2qg0a3b4wcykqxkimswfs0y5n-python3.11-dotnetcore2-3.1.23/lib/python3.11/site-packages/dotnetcore2/bin/shared/Microsoft.NETCore.App/3.1.23/libdbgshim.so
    libgcc_s.so.1 -> found: /nix/store/l3lhzwrfgzncjj1z4wyq6kkrp6czx5qp-gcc-12.3.0-libgcc/lib
    libstdc++.so.6 -> found: /nix/store/dghjv6hfz0s0z4kffa5ahyw2mhp79215-gcc-12.3.0-lib/lib
setting RPATH to: /nix/store/l3lhzwrfgzncjj1z4wyq6kkrp6czx5qp-gcc-12.3.0-libgcc/lib:/nix/store/dghjv6hfz0s0z4kffa5ahyw2mhp79215-gcc-12.3.0-lib/lib
searching for dependencies of /nix/store/s8cchph2qg0a3b4wcykqxkimswfs0y5n-python3.11-dotnetcore2-3.1.23/lib/python3.11/site-packages/dotnetcore2/bin/shared/Microsoft.NETCore.App/3.1.23/libhostpolicy.so
    libstdc++.so.6 -> found: /nix/store/dghjv6hfz0s0z4kffa5ahyw2mhp79215-gcc-12.3.0-lib/lib
    libgcc_s.so.1 -> found: /nix/store/l3lhzwrfgzncjj1z4wyq6kkrp6czx5qp-gcc-12.3.0-libgcc/lib
setting RPATH to: /nix/store/dghjv6hfz0s0z4kffa5ahyw2mhp79215-gcc-12.3.0-lib/lib:/nix/store/l3lhzwrfgzncjj1z4wyq6kkrp6czx5qp-gcc-12.3.0-libgcc/lib
searching for dependencies of /nix/store/s8cchph2qg0a3b4wcykqxkimswfs0y5n-python3.11-dotnetcore2-3.1.23/lib/python3.11/site-packages/dotnetcore2/bin/shared/Microsoft.NETCore.App/3.1.23/libclrjit.so
    libgcc_s.so.1 -> found: /nix/store/l3lhzwrfgzncjj1z4wyq6kkrp6czx5qp-gcc-12.3.0-libgcc/lib
    libstdc++.so.6 -> found: /nix/store/dghjv6hfz0s0z4kffa5ahyw2mhp79215-gcc-12.3.0-lib/lib
setting RPATH to: /nix/store/l3lhzwrfgzncjj1z4wyq6kkrp6czx5qp-gcc-12.3.0-libgcc/lib:/nix/store/dghjv6hfz0s0z4kffa5ahyw2mhp79215-gcc-12.3.0-lib/lib
searching for dependencies of /nix/store/s8cchph2qg0a3b4wcykqxkimswfs0y5n-python3.11-dotnetcore2-3.1.23/lib/python3.11/site-packages/dotnetcore2/bin/shared/Microsoft.NETCore.App/3.1.23/libmscordbi.so
    libmscordaccore.so -> found: /nix/store/s8cchph2qg0a3b4wcykqxkimswfs0y5n-python3.11-dotnetcore2-3.1.23/lib/python3.11/site-packages/dotnetcore2/bin/shared/Microsoft.NETCore.App/3.1.23
    libstdc++.so.6 -> found: /nix/store/dghjv6hfz0s0z4kffa5ahyw2mhp79215-gcc-12.3.0-lib/lib
    libgcc_s.so.1 -> found: /nix/store/l3lhzwrfgzncjj1z4wyq6kkrp6czx5qp-gcc-12.3.0-libgcc/lib
setting RPATH to: /nix/store/s8cchph2qg0a3b4wcykqxkimswfs0y5n-python3.11-dotnetcore2-3.1.23/lib/python3.11/site-packages/dotnetcore2/bin/shared/Microsoft.NETCore.App/3.1.23:/nix/store/dghjv6hfz0s0z4kffa5ahyw2mhp79215-gcc-12.3.0-lib/lib:/nix/store/l3lhzwrfgzncjj1z4wyq6kkrp6czx5qp-gcc-12.3.0-libgcc/lib
searching for dependencies of /nix/store/s8cchph2qg0a3b4wcykqxkimswfs0y5n-python3.11-dotnetcore2-3.1.23/lib/python3.11/site-packages/dotnetcore2/bin/shared/Microsoft.NETCore.App/3.1.23/System.Native.so
setting interpreter of /nix/store/s8cchph2qg0a3b4wcykqxkimswfs0y5n-python3.11-dotnetcore2-3.1.23/lib/python3.11/site-packages/dotnetcore2/bin/shared/Microsoft.NETCore.App/3.1.23/createdump
searching for dependencies of /nix/store/s8cchph2qg0a3b4wcykqxkimswfs0y5n-python3.11-dotnetcore2-3.1.23/lib/python3.11/site-packages/dotnetcore2/bin/shared/Microsoft.NETCore.App/3.1.23/createdump
    libmscordaccore.so -> found: /nix/store/s8cchph2qg0a3b4wcykqxkimswfs0y5n-python3.11-dotnetcore2-3.1.23/lib/python3.11/site-packages/dotnetcore2/bin/shared/Microsoft.NETCore.App/3.1.23
    libstdc++.so.6 -> found: /nix/store/dghjv6hfz0s0z4kffa5ahyw2mhp79215-gcc-12.3.0-lib/lib
    libgcc_s.so.1 -> found: /nix/store/l3lhzwrfgzncjj1z4wyq6kkrp6czx5qp-gcc-12.3.0-libgcc/lib
setting RPATH to: /nix/store/s8cchph2qg0a3b4wcykqxkimswfs0y5n-python3.11-dotnetcore2-3.1.23/lib/python3.11/site-packages/dotnetcore2/bin/shared/Microsoft.NETCore.App/3.1.23:/nix/store/dghjv6hfz0s0z4kffa5ahyw2mhp79215-gcc-12.3.0-lib/lib:/nix/store/l3lhzwrfgzncjj1z4wyq6kkrp6czx5qp-gcc-12.3.0-libgcc/lib
searching for dependencies of /nix/store/s8cchph2qg0a3b4wcykqxkimswfs0y5n-python3.11-dotnetcore2-3.1.23/lib/python3.11/site-packages/dotnetcore2/bin/shared/Microsoft.NETCore.App/3.1.23/System.Net.Http.Native.so
    libcurl.so.4 -> not found!
searching for dependencies of /nix/store/s8cchph2qg0a3b4wcykqxkimswfs0y5n-python3.11-dotnetcore2-3.1.23/lib/python3.11/site-packages/dotnetcore2/bin/shared/Microsoft.NETCore.App/3.1.23/libcoreclr.so
    libgcc_s.so.1 -> found: /nix/store/l3lhzwrfgzncjj1z4wyq6kkrp6czx5qp-gcc-12.3.0-libgcc/lib
    libstdc++.so.6 -> found: /nix/store/dghjv6hfz0s0z4kffa5ahyw2mhp79215-gcc-12.3.0-lib/lib
setting RPATH to: /nix/store/l3lhzwrfgzncjj1z4wyq6kkrp6czx5qp-gcc-12.3.0-libgcc/lib:/nix/store/dghjv6hfz0s0z4kffa5ahyw2mhp79215-gcc-12.3.0-lib/lib
searching for dependencies of /nix/store/s8cchph2qg0a3b4wcykqxkimswfs0y5n-python3.11-dotnetcore2-3.1.23/lib/python3.11/site-packages/dotnetcore2/bin/shared/Microsoft.NETCore.App/3.1.23/libcoreclrtraceptprovider.so
    liblttng-ust.so.0 -> not found!
    libstdc++.so.6 -> found: /nix/store/dghjv6hfz0s0z4kffa5ahyw2mhp79215-gcc-12.3.0-lib/lib
    libgcc_s.so.1 -> found: /nix/store/l3lhzwrfgzncjj1z4wyq6kkrp6czx5qp-gcc-12.3.0-libgcc/lib
setting RPATH to: /nix/store/dghjv6hfz0s0z4kffa5ahyw2mhp79215-gcc-12.3.0-lib/lib:/nix/store/l3lhzwrfgzncjj1z4wyq6kkrp6czx5qp-gcc-12.3.0-libgcc/lib
searching for dependencies of /nix/store/s8cchph2qg0a3b4wcykqxkimswfs0y5n-python3.11-dotnetcore2-3.1.23/lib/python3.11/site-packages/dotnetcore2/bin/shared/Microsoft.NETCore.App/3.1.23/libmscordaccore.so
    libgcc_s.so.1 -> found: /nix/store/l3lhzwrfgzncjj1z4wyq6kkrp6czx5qp-gcc-12.3.0-libgcc/lib
    libstdc++.so.6 -> found: /nix/store/dghjv6hfz0s0z4kffa5ahyw2mhp79215-gcc-12.3.0-lib/lib
setting RPATH to: /nix/store/l3lhzwrfgzncjj1z4wyq6kkrp6czx5qp-gcc-12.3.0-libgcc/lib:/nix/store/dghjv6hfz0s0z4kffa5ahyw2mhp79215-gcc-12.3.0-lib/lib
searching for dependencies of /nix/store/s8cchph2qg0a3b4wcykqxkimswfs0y5n-python3.11-dotnetcore2-3.1.23/lib/python3.11/site-packages/dotnetcore2/bin/host/fxr/3.1.23/libhostfxr.so
    libstdc++.so.6 -> found: /nix/store/dghjv6hfz0s0z4kffa5ahyw2mhp79215-gcc-12.3.0-lib/lib
    libgcc_s.so.1 -> found: /nix/store/l3lhzwrfgzncjj1z4wyq6kkrp6czx5qp-gcc-12.3.0-libgcc/lib
setting RPATH to: /nix/store/dghjv6hfz0s0z4kffa5ahyw2mhp79215-gcc-12.3.0-lib/lib:/nix/store/l3lhzwrfgzncjj1z4wyq6kkrp6czx5qp-gcc-12.3.0-libgcc/lib
auto-patchelf: 3 dependencies could not be satisfied
error: auto-patchelf could not satisfy dependency libgssapi_krb5.so.2 wanted by /nix/store/s8cchph2qg0a3b4wcykqxkimswfs0y5n-python3.11-dotnetcore2-3.1.23/lib/python3.11/site-packages/dotnetcore2/bin/shared/Microsoft.NETCore.App/3.1.23/System.Net.Security.Native.so
error: auto-patchelf could not satisfy dependency libcurl.so.4 wanted by /nix/store/s8cchph2qg0a3b4wcykqxkimswfs0y5n-python3.11-dotnetcore2-3.1.23/lib/python3.11/site-packages/dotnetcore2/bin/shared/Microsoft.NETCore.App/3.1.23/System.Net.Http.Native.so
error: auto-patchelf could not satisfy dependency liblttng-ust.so.0 wanted by /nix/store/s8cchph2qg0a3b4wcykqxkimswfs0y5n-python3.11-dotnetcore2-3.1.23/lib/python3.11/site-packages/dotnetcore2/bin/shared/Microsoft.NETCore.App/3.1.23/libcoreclrtraceptprovider.so
auto-patchelf failed to find all the required dependencies.
Add the missing dependencies to --libs or use `--ignore-missing="foo.so.1 bar.so etc.so"`.
/nix/store/d4jf1cbbk494zwgbqz31pxgigpsbh6w2-stdenv-linux/setup: line 74: pop_var_context: head of shell_variables not a function context
/nix/store/d4jf1cbbk494zwgbqz31pxgigpsbh6w2-stdenv-linux/setup: line 1450: pop_var_context: head of shell_variables not a function context
/nix/store/d4jf1cbbk494zwgbqz31pxgigpsbh6w2-stdenv-linux/setup: line 1553: pop_var_context: head of shell_variables not a function context
