warning: Git tree '/home/roland/poetry2nix-testing' is dirty
copying path '/nix/store/4q5d480wq769y5lbx90vfm58yhhk06hg-google-cloud-resource-manager-1.12.1.tar.gz' from 'https://cache.nixos.org'...
copying path '/nix/store/qby5gamnyipx8k7v5alh0nhhw0c5b2hl-google-api-core-2.17.1.tar.gz' from 'https://cache.nixos.org'...
building '/nix/store/sbmm41mfnp1bmbqvbzn374wbqrym2bdb-google-cloud-aiplatform-1.42.1.tar.gz.drv'...
building '/nix/store/sizw7vxxsyxvrwchs7j5sh6k8gawnznb-google-auth-2.28.1.tar.gz.drv'...
building '/nix/store/3wvgqg3nz7n0b3db0fp22xa31hm7zi5y-google-cloud-bigquery-3.17.2.tar.gz.drv'...
building '/nix/store/66c4mkc43x4n757r9b1rywcig3zfm43s-grpcio-status-1.62.0.tar.gz.drv'...
building '/nix/store/ljc3xxgnfrx5sqbmdczlqn5d200882x9-python3.11-google-auth-2.28.1.drv'...
building '/nix/store/5l6vvya16k54hvg6nwaw3cgxn5qk143w-python3.11-googleapis-common-protos-1.62.0.drv'...
building '/nix/store/zyik3kx7dxrlw9v553lsk4sm09fhim4r-python3.11-proto-plus-1.23.0.drv'...
building '/nix/store/s329bjlpqd18y84svwamhqlg80lrx28c-python3.11-grpc-google-iam-v1-0.13.0.drv'...
building '/nix/store/hqriisxfhh573i8544j35gpds39v8a8x-python3.11-grpcio-status-1.62.0.drv'...
building '/nix/store/j5cshmwccrgm81d36lk5hq5wjxai8xyw-shapely-2.0.3.tar.gz.drv'...
building '/nix/store/mb3lk90wrqwkjkkn7i3vr2mfsl9wf98k-python3.11-google-api-core-2.17.1.drv'...
building '/nix/store/rf1m31m7z0pda0wdq47gv43gnbmrm0w8-python3.11-shapely-2.0.3.drv'...
building '/nix/store/bm07pi78h1128fs2qhvyqpmxy3nc1h65-python3.11-google-cloud-core-2.4.1.drv'...
building '/nix/store/v6bprqikw5hj81m455hy8s9a4jqaab1y-python3.11-google-cloud-resource-manager-1.12.1.drv'...
building '/nix/store/lir0nj3vs53r44qciwi3rj923mbc3hxi-python3.11-google-cloud-bigquery-3.17.2.drv'...
building '/nix/store/4fgr8p56digzf8r3jf4f56hqpg2rv50x-python3.11-google-cloud-storage-2.14.0.drv'...
building '/nix/store/prssba70d8q4hpdz98s4saz8sd0hgc4q-python3.11-google-cloud-aiplatform-1.42.1.drv'...
error: builder for '/nix/store/prssba70d8q4hpdz98s4saz8sd0hgc4q-python3.11-google-cloud-aiplatform-1.42.1.drv' failed with exit code 2;
       last 10 log lines:
       >   File "<frozen importlib._bootstrap>", line 1204, in _gcd_import
       >   File "<frozen importlib._bootstrap>", line 1176, in _find_and_load
       >   File "<frozen importlib._bootstrap>", line 1126, in _find_and_load_unlocked
       >   File "<frozen importlib._bootstrap>", line 241, in _call_with_frames_removed
       >   File "<frozen importlib._bootstrap>", line 1204, in _gcd_import
       >   File "<frozen importlib._bootstrap>", line 1176, in _find_and_load
       >   File "<frozen importlib._bootstrap>", line 1140, in _find_and_load_unlocked
       > ModuleNotFoundError: No module named 'setuptools'
       > 
       > 
       For full logs, run 'nix log /nix/store/prssba70d8q4hpdz98s4saz8sd0hgc4q-python3.11-google-cloud-aiplatform-1.42.1.drv'.
error: 1 dependencies of derivation '/nix/store/hsyp12s0s81pgyi3i1197j66j0n9pzw7-nix-shell-env.drv' failed to build
