warning: Git tree '/home/roland/poetry2nix-testing' is dirty
copying path '/nix/store/znrx7s80wk7ia5d2bzpji18i18dv1pwg-jaxlib-0.4.24-cp311-cp311-manylinux2014_x86_64.whl' from 'https://cache.nixos.org'...
building '/nix/store/ga86sw44mgwwss0bx0cm332nc1nsg3jl-orbax_checkpoint-0.5.3.tar.gz.drv'...
building '/nix/store/z9i69ljdz1vag41d8g0rhrnhmfbw29cl-etils-1.7.0.tar.gz.drv'...
building '/nix/store/kw9nbj6lkn8swj7gnqh26q04vy8dnzkg-jax-0.4.24.tar.gz.drv'...
building '/nix/store/wqwi1j9kjmgycxm8ndiz4svs1gx067l2-python3.11-etils-1.7.0.drv'...
building '/nix/store/ymbjy24l0a5gmwrkw5vqp297gy8f13xl-python3.11-nest-asyncio-1.6.0.drv'...
building '/nix/store/6vhqchh8v89ivj588ka4mhb5kwbmb72b-python3.11-scipy-1.12.0.drv'...
building '/nix/store/bna645lf4qyfxb7x42crwhrkl902avql-python3.11-tensorstore-0.1.53.drv'...
error: builder for '/nix/store/bna645lf4qyfxb7x42crwhrkl902avql-python3.11-tensorstore-0.1.53.drv' failed with exit code 2;
       last 10 log lines:
       >   File "<frozen importlib._bootstrap>", line 1204, in _gcd_import
       >   File "<frozen importlib._bootstrap>", line 1176, in _find_and_load
       >   File "<frozen importlib._bootstrap>", line 1126, in _find_and_load_unlocked
       >   File "<frozen importlib._bootstrap>", line 241, in _call_with_frames_removed
       >   File "<frozen importlib._bootstrap>", line 1204, in _gcd_import
       >   File "<frozen importlib._bootstrap>", line 1176, in _find_and_load
       >   File "<frozen importlib._bootstrap>", line 1140, in _find_and_load_unlocked
       > ModuleNotFoundError: No module named 'setuptools'
       > 
       > 
       For full logs, run 'nix log /nix/store/bna645lf4qyfxb7x42crwhrkl902avql-python3.11-tensorstore-0.1.53.drv'.
error: 1 dependencies of derivation '/nix/store/xxi3g9rcxa4zvh9diws46nkvi26z4q4h-python3.11-orbax-checkpoint-0.5.3.drv' failed to build
error: 1 dependencies of derivation '/nix/store/hag9xf4l5y82jv8dp50gk9p6rl6xjhh6-nix-shell-env.drv' failed to build
