warning: Git tree '/home/roland/poetry2nix-testing' is dirty
building '/nix/store/fy1yvcy7v62p9jbmwkv5d3dl9v1ydlfm-dagster-pandas-0.22.5.tar.gz.drv'...
building '/nix/store/i3a50h8k48gj4ijbn2s7q4z02wr86fnk-Mako-1.3.2.tar.gz.drv'...
building '/nix/store/wzh38a3qw87flzpb8silwza6ckkbxjrk-dagster-1.6.5.tar.gz.drv'...
building '/nix/store/6p0xpdmvjfcidc7jdda6z3k6knvjbpfl-dagster-pipes-1.6.5.tar.gz.drv'...
building '/nix/store/g7kxhk0ng2af00bbgfyky7xgzd99qz3x-python3.11-croniter-2.0.1.drv'...
building '/nix/store/wg17bscn2czhlxcs4jn0p35hagwk5ahk-python3.11-dagster-pipes-1.6.5.drv'...
error: builder for '/nix/store/wg17bscn2czhlxcs4jn0p35hagwk5ahk-python3.11-dagster-pipes-1.6.5.drv' failed with exit code 2;
       last 10 log lines:
       >   File "<frozen importlib._bootstrap>", line 1204, in _gcd_import
       >   File "<frozen importlib._bootstrap>", line 1176, in _find_and_load
       >   File "<frozen importlib._bootstrap>", line 1126, in _find_and_load_unlocked
       >   File "<frozen importlib._bootstrap>", line 241, in _call_with_frames_removed
       >   File "<frozen importlib._bootstrap>", line 1204, in _gcd_import
       >   File "<frozen importlib._bootstrap>", line 1176, in _find_and_load
       >   File "<frozen importlib._bootstrap>", line 1140, in _find_and_load_unlocked
       > ModuleNotFoundError: No module named 'setuptools'
       > 
       > 
       For full logs, run 'nix log /nix/store/wg17bscn2czhlxcs4jn0p35hagwk5ahk-python3.11-dagster-pipes-1.6.5.drv'.
error: 1 dependencies of derivation '/nix/store/i156iha8b4c9mw88w1cdmhinlmrbjmqa-python3.11-dagster-1.6.5.drv' failed to build
error: 1 dependencies of derivation '/nix/store/xknjwz8gdkw8102vr0xwplyb06jhvjdm-python3.11-dagster-pandas-0.22.5.drv' failed to build
error: 1 dependencies of derivation '/nix/store/j73p9fwjp531pddk40ha8b2zfbyqsg6b-nix-shell-env.drv' failed to build
