warning: Git tree '/home/roland/poetry2nix-testing' is dirty
warning: error: SQLite database '/nix/var/nix/db/db.sqlite' is busy
building '/nix/store/xbjshxbbjk4drmv0kjbgyhy8dxlw037w-torchaudio-2.2.0-cp311-cp311-manylinux1_x86_64.whl.drv'...
building '/nix/store/kf93772wn92sk3l1hcqk9hc01v5afpw1-python3.11-nvidia-cusparse-cu12-12.1.0.106.drv'...
error: builder for '/nix/store/kf93772wn92sk3l1hcqk9hc01v5afpw1-python3.11-nvidia-cusparse-cu12-12.1.0.106.drv' failed with exit code 1;
       last 10 log lines:
       >     libnvJitLink.so.12 -> not found!
       >     libgcc_s.so.1 -> found: /nix/store/l3lhzwrfgzncjj1z4wyq6kkrp6czx5qp-gcc-12.3.0-libgcc/lib
       > setting RPATH to: /nix/store/l3lhzwrfgzncjj1z4wyq6kkrp6czx5qp-gcc-12.3.0-libgcc/lib
       > auto-patchelf: 1 dependencies could not be satisfied
       > error: auto-patchelf could not satisfy dependency libnvJitLink.so.12 wanted by /nix/store/bp4accjgwrmabd9r69mcm8a23ccb42yz-python3.11-nvidia-cusparse-cu12-12.1.0.106/lib/python3.11/site-packages/nvidia/cusparse/lib/libcusparse.so.12
       > auto-patchelf failed to find all the required dependencies.
       > Add the missing dependencies to --libs or use `--ignore-missing="foo.so.1 bar.so etc.so"`.
       > /nix/store/d4jf1cbbk494zwgbqz31pxgigpsbh6w2-stdenv-linux/setup: line 74: pop_var_context: head of shell_variables not a function context
       > /nix/store/d4jf1cbbk494zwgbqz31pxgigpsbh6w2-stdenv-linux/setup: line 1450: pop_var_context: head of shell_variables not a function context
       > /nix/store/d4jf1cbbk494zwgbqz31pxgigpsbh6w2-stdenv-linux/setup: line 1553: pop_var_context: head of shell_variables not a function context
       For full logs, run 'nix log /nix/store/kf93772wn92sk3l1hcqk9hc01v5afpw1-python3.11-nvidia-cusparse-cu12-12.1.0.106.drv'.
error: 1 dependencies of derivation '/nix/store/5kfy4aj8ifrzk142ny3az7hz04x1pp3m-python3.11-torch-2.2.0.drv' failed to build
error: 1 dependencies of derivation '/nix/store/p6hs4bfb9q2fmvf37j3lpy5p7dc77kqf-python3.11-torchaudio-2.2.0.drv' failed to build
error: 1 dependencies of derivation '/nix/store/pppbp3si9kzv7fwgrnw1lxnaa51y69g6-nix-shell-env.drv' failed to build
