warning: Git tree '/home/roland/poetry2nix-testing' is dirty
building '/nix/store/smvga5cyyy2qj76j6wkivsb1h05b2dnf-python3.11-fsspec-2024.2.0.drv'...
building '/nix/store/j77jlw5m4phll9vrx0k3zwqyz9fw9wwb-python3.11-lightning-utilities-0.10.1.drv'...
building '/nix/store/kf93772wn92sk3l1hcqk9hc01v5afpw1-python3.11-nvidia-cusparse-cu12-12.1.0.106.drv'...
error: builder for '/nix/store/kf93772wn92sk3l1hcqk9hc01v5afpw1-python3.11-nvidia-cusparse-cu12-12.1.0.106.drv' failed with exit code 1;
       last 10 log lines:
       >     libnvJitLink.so.12 -> not found!
       >     libgcc_s.so.1 -> found: /nix/store/l3lhzwrfgzncjj1z4wyq6kkrp6czx5qp-gcc-12.3.0-libgcc/lib
       > setting RPATH to: /nix/store/l3lhzwrfgzncjj1z4wyq6kkrp6czx5qp-gcc-12.3.0-libgcc/lib
       > auto-patchelf: 1 dependencies could not be satisfied
       > error: auto-patchelf could not satisfy dependency libnvJitLink.so.12 wanted by /nix/store/bp4accjgwrmabd9r69mcm8a23ccb42yz-python3.11-nvidia-cusparse-cu12-12.1.0.106/lib/python3.11/site-packages/nvidia/cusparse/lib/libcusparse.so.12
       > auto-patchelf failed to find all the required dependencies.
       > Add the missing dependencies to --libs or use `--ignore-missing="foo.so.1 bar.so etc.so"`.
       > /nix/store/d4jf1cbbk494zwgbqz31pxgigpsbh6w2-stdenv-linux/setup: line 74: pop_var_context: head of shell_variables not a function context
       > /nix/store/d4jf1cbbk494zwgbqz31pxgigpsbh6w2-stdenv-linux/setup: line 1450: pop_var_context: head of shell_variables not a function context
       > /nix/store/d4jf1cbbk494zwgbqz31pxgigpsbh6w2-stdenv-linux/setup: line 1553: pop_var_context: head of shell_variables not a function context
       For full logs, run 'nix log /nix/store/kf93772wn92sk3l1hcqk9hc01v5afpw1-python3.11-nvidia-cusparse-cu12-12.1.0.106.drv'.
error: 1 dependencies of derivation '/nix/store/bpwl3kvx8hfvhpdvna3fwdp3yv4i5b2r-python3.11-torch-2.2.0.drv' failed to build
error: 1 dependencies of derivation '/nix/store/dgzp243cakv4jbhh8kaq20i17s74f7wm-python3.11-pytorch-lightning-2.2.0.post0.drv' failed to build
error: 1 dependencies of derivation '/nix/store/ki2cdrpxlfkag684kyqjm5838a0z6v0g-nix-shell-env.drv' failed to build
