warning: Git tree '/home/roland/poetry2nix-testing' is dirty
building '/nix/store/bfj48531k6wzk5rbxf7zch2ik3kq5m98-python3.11-urllib3-2.2.1.drv'...
building '/nix/store/2rzch6h1jw5grj83ishic2iscbwl5vw1-python3.11-outcome-1.3.0.post0.drv'...
building '/nix/store/hnzam4amzvw04ighbdka66rpjjz1a12v-selenium-4.18.1-py3-none-any.whl.drv'...
building '/nix/store/r5xg1iza97zphq0fmjaxw3lqlf2wqg28-python3.11-trio-0.24.0.drv'...
building '/nix/store/qmpc1hgvkz3krx7j6j5f5vdh73vq8fqf-python3.11-trio-websocket-0.11.1.drv'...
building '/nix/store/arjzix3hm2irrahwipz4qc8ac7g3fy2j-python3.11-selenium-4.18.1.drv'...
building '/nix/store/y5p4f1s61fa9ii1jzq81qcyqjz3hrrkz-python3.11-appium-python-client-3.1.1.drv'...
error: builder for '/nix/store/y5p4f1s61fa9ii1jzq81qcyqjz3hrrkz-python3.11-appium-python-client-3.1.1.drv' failed with exit code 2;
       last 10 log lines:
       >   File "<frozen importlib._bootstrap>", line 1204, in _gcd_import
       >   File "<frozen importlib._bootstrap>", line 1176, in _find_and_load
       >   File "<frozen importlib._bootstrap>", line 1126, in _find_and_load_unlocked
       >   File "<frozen importlib._bootstrap>", line 241, in _call_with_frames_removed
       >   File "<frozen importlib._bootstrap>", line 1204, in _gcd_import
       >   File "<frozen importlib._bootstrap>", line 1176, in _find_and_load
       >   File "<frozen importlib._bootstrap>", line 1140, in _find_and_load_unlocked
       > ModuleNotFoundError: No module named 'setuptools'
       > 
       > 
       For full logs, run 'nix log /nix/store/y5p4f1s61fa9ii1jzq81qcyqjz3hrrkz-python3.11-appium-python-client-3.1.1.drv'.
error: 1 dependencies of derivation '/nix/store/makpbqp9glfvnfc292y7xm9k3s9nw95a-nix-shell-env.drv' failed to build
