warning: Git tree '/home/roland/poetry2nix-testing' is dirty
building '/nix/store/08kkp0r3640x694h09zlhc5dhdq9y8w7-inquirer-3.2.4.tar.gz.drv'...
building '/nix/store/6v6v76rm84msf6gns9kmr4lrj3wn6l67-editor-1.6.6.tar.gz.drv'...
building '/nix/store/sli5lpl95d8s02n8xlxiab8szw0nfcwm-python3.11-xmod-1.8.1.drv'...
error: builder for '/nix/store/sli5lpl95d8s02n8xlxiab8szw0nfcwm-python3.11-xmod-1.8.1.drv' failed with exit code 2;
       last 10 log lines:
       >   File "<frozen importlib._bootstrap>", line 1204, in _gcd_import
       >   File "<frozen importlib._bootstrap>", line 1176, in _find_and_load
       >   File "<frozen importlib._bootstrap>", line 1126, in _find_and_load_unlocked
       >   File "<frozen importlib._bootstrap>", line 241, in _call_with_frames_removed
       >   File "<frozen importlib._bootstrap>", line 1204, in _gcd_import
       >   File "<frozen importlib._bootstrap>", line 1176, in _find_and_load
       >   File "<frozen importlib._bootstrap>", line 1140, in _find_and_load_unlocked
       > ModuleNotFoundError: No module named 'poetry'
       > 
       > 
       For full logs, run 'nix log /nix/store/sli5lpl95d8s02n8xlxiab8szw0nfcwm-python3.11-xmod-1.8.1.drv'.
error: 1 dependencies of derivation '/nix/store/2b5cvgzlkckqis77qyv677l2vklfa04b-python3.11-editor-1.6.6.drv' failed to build
error: 1 dependencies of derivation '/nix/store/f91v84gqp8vf24lpcw1bm54wp3nx1mcl-python3.11-inquirer-3.2.4.drv' failed to build
error: 1 dependencies of derivation '/nix/store/4lznr45wya4vc7rqhalidj89m7za8rsl-nix-shell-env.drv' failed to build
