warning: Git tree '/home/roland/poetry2nix-testing' is dirty
copying path '/nix/store/af8dwwmasgxnjmcj1mg6mnk0jyr105cb-google-cloud-spanner-3.42.0.tar.gz' from 'https://cache.nixos.org'...
building '/nix/store/hp5b505bm1lh9b1c811b1pm8zwyn0yix-python3.11-google-api-core-2.17.1.drv'...
building '/nix/store/npa4l2fjnw28y7p33kgbzz8i753y9df3-python3.11-grpc-interceptor-0.15.4.drv'...
building '/nix/store/l1z5immk9qyl17hjyvzc67aa0vc1kkr2-python3.11-google-cloud-core-2.4.1.drv'...
building '/nix/store/l658cqz5hr42mbshvzv8kflmarhj08ic-python3.11-mako-1.3.2.drv'...
building '/nix/store/4cf91956kl2dskdpa9sw72w92ych575r-python3.11-google-cloud-spanner-3.42.0.drv'...
building '/nix/store/apfvpi1av57nqw7yqvcv24k282gpdd49-python3.11-alembic-1.13.1.drv'...
building '/nix/store/37q4c8pkshz7qwgfn12vw2szixsiffmr-python3.11-sqlalchemy-spanner-1.6.2.drv'...
error: builder for '/nix/store/37q4c8pkshz7qwgfn12vw2szixsiffmr-python3.11-sqlalchemy-spanner-1.6.2.drv' failed with exit code 2;
       last 10 log lines:
       >   File "<frozen importlib._bootstrap>", line 1204, in _gcd_import
       >   File "<frozen importlib._bootstrap>", line 1176, in _find_and_load
       >   File "<frozen importlib._bootstrap>", line 1126, in _find_and_load_unlocked
       >   File "<frozen importlib._bootstrap>", line 241, in _call_with_frames_removed
       >   File "<frozen importlib._bootstrap>", line 1204, in _gcd_import
       >   File "<frozen importlib._bootstrap>", line 1176, in _find_and_load
       >   File "<frozen importlib._bootstrap>", line 1140, in _find_and_load_unlocked
       > ModuleNotFoundError: No module named 'setuptools'
       > 
       > 
       For full logs, run 'nix log /nix/store/37q4c8pkshz7qwgfn12vw2szixsiffmr-python3.11-sqlalchemy-spanner-1.6.2.drv'.
error: 1 dependencies of derivation '/nix/store/bf0855dcbcxsnkv75825mwcmbyy2niml-nix-shell-env.drv' failed to build
