/nix/store/d4jf1cbbk494zwgbqz31pxgigpsbh6w2-stdenv-linux/setup: line 109: /dev/null: No such file or directory
/nix/store/d4jf1cbbk494zwgbqz31pxgigpsbh6w2-stdenv-linux/setup: line 111: /dev/null: No such file or directory
/nix/store/d4jf1cbbk494zwgbqz31pxgigpsbh6w2-stdenv-linux/setup: line 128: /dev/null: No such file or directory
/nix/store/d4jf1cbbk494zwgbqz31pxgigpsbh6w2-stdenv-linux/setup: line 109: /dev/null: No such file or directory
/nix/store/d4jf1cbbk494zwgbqz31pxgigpsbh6w2-stdenv-linux/setup: line 111: /dev/null: No such file or directory
/nix/store/d4jf1cbbk494zwgbqz31pxgigpsbh6w2-stdenv-linux/setup: line 128: /dev/null: No such file or directory
/nix/store/d4jf1cbbk494zwgbqz31pxgigpsbh6w2-stdenv-linux/setup: line 109: /dev/null: No such file or directory
/nix/store/d4jf1cbbk494zwgbqz31pxgigpsbh6w2-stdenv-linux/setup: line 111: /dev/null: No such file or directory
/nix/store/d4jf1cbbk494zwgbqz31pxgigpsbh6w2-stdenv-linux/setup: line 128: /dev/null: No such file or directory
/nix/store/d4jf1cbbk494zwgbqz31pxgigpsbh6w2-stdenv-linux/setup: line 109: /dev/null: No such file or directory
/nix/store/d4jf1cbbk494zwgbqz31pxgigpsbh6w2-stdenv-linux/setup: line 111: /dev/null: No such file or directory
/nix/store/d4jf1cbbk494zwgbqz31pxgigpsbh6w2-stdenv-linux/setup: line 128: /dev/null: No such file or directory
/nix/store/d4jf1cbbk494zwgbqz31pxgigpsbh6w2-stdenv-linux/setup: line 109: /dev/null: No such file or directory
/nix/store/d4jf1cbbk494zwgbqz31pxgigpsbh6w2-stdenv-linux/setup: line 111: /dev/null: No such file or directory
/nix/store/d4jf1cbbk494zwgbqz31pxgigpsbh6w2-stdenv-linux/setup: line 128: /dev/null: No such file or directory
/nix/store/d4jf1cbbk494zwgbqz31pxgigpsbh6w2-stdenv-linux/setup: line 109: /dev/null: No such file or directory
/nix/store/d4jf1cbbk494zwgbqz31pxgigpsbh6w2-stdenv-linux/setup: line 111: /dev/null: No such file or directory
/nix/store/d4jf1cbbk494zwgbqz31pxgigpsbh6w2-stdenv-linux/setup: line 128: /dev/null: No such file or directory
/nix/store/d4jf1cbbk494zwgbqz31pxgigpsbh6w2-stdenv-linux/setup: line 109: /dev/null: No such file or directory
/nix/store/d4jf1cbbk494zwgbqz31pxgigpsbh6w2-stdenv-linux/setup: line 111: /dev/null: No such file or directory
/nix/store/d4jf1cbbk494zwgbqz31pxgigpsbh6w2-stdenv-linux/setup: line 128: /dev/null: No such file or directory
/nix/store/d4jf1cbbk494zwgbqz31pxgigpsbh6w2-stdenv-linux/setup: line 109: /dev/null: No such file or directory
/nix/store/d4jf1cbbk494zwgbqz31pxgigpsbh6w2-stdenv-linux/setup: line 111: /dev/null: No such file or directory
/nix/store/d4jf1cbbk494zwgbqz31pxgigpsbh6w2-stdenv-linux/setup: line 128: /dev/null: No such file or directory
/nix/store/d4jf1cbbk494zwgbqz31pxgigpsbh6w2-stdenv-linux/setup: line 109: /dev/null: No such file or directory
/nix/store/d4jf1cbbk494zwgbqz31pxgigpsbh6w2-stdenv-linux/setup: line 111: /dev/null: No such file or directory
/nix/store/d4jf1cbbk494zwgbqz31pxgigpsbh6w2-stdenv-linux/setup: line 128: /dev/null: No such file or directory
/nix/store/d4jf1cbbk494zwgbqz31pxgigpsbh6w2-stdenv-linux/setup: line 109: /dev/null: No such file or directory
/nix/store/d4jf1cbbk494zwgbqz31pxgigpsbh6w2-stdenv-linux/setup: line 111: /dev/null: No such file or directory
/nix/store/d4jf1cbbk494zwgbqz31pxgigpsbh6w2-stdenv-linux/setup: line 128: /dev/null: No such file or directory
/nix/store/d4jf1cbbk494zwgbqz31pxgigpsbh6w2-stdenv-linux/setup: line 109: /dev/null: No such file or directory
/nix/store/d4jf1cbbk494zwgbqz31pxgigpsbh6w2-stdenv-linux/setup: line 111: /dev/null: No such file or directory
/nix/store/d4jf1cbbk494zwgbqz31pxgigpsbh6w2-stdenv-linux/setup: line 128: /dev/null: No such file or directory
/nix/store/d4jf1cbbk494zwgbqz31pxgigpsbh6w2-stdenv-linux/setup: line 109: /dev/null: No such file or directory
/nix/store/d4jf1cbbk494zwgbqz31pxgigpsbh6w2-stdenv-linux/setup: line 111: /dev/null: No such file or directory
/nix/store/d4jf1cbbk494zwgbqz31pxgigpsbh6w2-stdenv-linux/setup: line 128: /dev/null: No such file or directory
/nix/store/d4jf1cbbk494zwgbqz31pxgigpsbh6w2-stdenv-linux/setup: line 109: /dev/null: No such file or directory
/nix/store/d4jf1cbbk494zwgbqz31pxgigpsbh6w2-stdenv-linux/setup: line 111: /dev/null: No such file or directory
/nix/store/d4jf1cbbk494zwgbqz31pxgigpsbh6w2-stdenv-linux/setup: line 128: /dev/null: No such file or directory
/nix/store/d4jf1cbbk494zwgbqz31pxgigpsbh6w2-stdenv-linux/setup: line 109: /dev/null: No such file or directory
/nix/store/d4jf1cbbk494zwgbqz31pxgigpsbh6w2-stdenv-linux/setup: line 111: /dev/null: No such file or directory
/nix/store/d4jf1cbbk494zwgbqz31pxgigpsbh6w2-stdenv-linux/setup: line 128: /dev/null: No such file or directory
/nix/store/d4jf1cbbk494zwgbqz31pxgigpsbh6w2-stdenv-linux/setup: line 109: /dev/null: No such file or directory
/nix/store/d4jf1cbbk494zwgbqz31pxgigpsbh6w2-stdenv-linux/setup: line 111: /dev/null: No such file or directory
/nix/store/d4jf1cbbk494zwgbqz31pxgigpsbh6w2-stdenv-linux/setup: line 128: /dev/null: No such file or directory
/nix/store/d4jf1cbbk494zwgbqz31pxgigpsbh6w2-stdenv-linux/setup: line 109: /dev/null: No such file or directory
/nix/store/d4jf1cbbk494zwgbqz31pxgigpsbh6w2-stdenv-linux/setup: line 111: /dev/null: No such file or directory
/nix/store/d4jf1cbbk494zwgbqz31pxgigpsbh6w2-stdenv-linux/setup: line 128: /dev/null: No such file or directory
/nix/store/d4jf1cbbk494zwgbqz31pxgigpsbh6w2-stdenv-linux/setup: line 109: /dev/null: No such file or directory
/nix/store/d4jf1cbbk494zwgbqz31pxgigpsbh6w2-stdenv-linux/setup: line 111: /dev/null: No such file or directory
/nix/store/d4jf1cbbk494zwgbqz31pxgigpsbh6w2-stdenv-linux/setup: line 128: /dev/null: No such file or directory
/nix/store/d4jf1cbbk494zwgbqz31pxgigpsbh6w2-stdenv-linux/setup: line 109: /dev/null: No such file or directory
/nix/store/d4jf1cbbk494zwgbqz31pxgigpsbh6w2-stdenv-linux/setup: line 111: /dev/null: No such file or directory
/nix/store/d4jf1cbbk494zwgbqz31pxgigpsbh6w2-stdenv-linux/setup: line 974: /dev/null: No such file or directory
@nix { "action": "setPhase", "phase": "unpackPhase" }
Running phase: unpackPhase
/nix/store/d4jf1cbbk494zwgbqz31pxgigpsbh6w2-stdenv-linux/setup: line 974: /dev/null: No such file or directory
/nix/store/d4jf1cbbk494zwgbqz31pxgigpsbh6w2-stdenv-linux/setup: line 1549: date: command not found
/nix/store/d4jf1cbbk494zwgbqz31pxgigpsbh6w2-stdenv-linux/setup: line 128: /dev/null: No such file or directory
/nix/store/d4jf1cbbk494zwgbqz31pxgigpsbh6w2-stdenv-linux/setup: line 109: /dev/null: No such file or directory
/nix/store/d4jf1cbbk494zwgbqz31pxgigpsbh6w2-stdenv-linux/setup: line 111: /dev/null: No such file or directory
unpacking source archive /nix/store/08zidvn6bjk7fk9yvl2j135xw35a7lns-rpds_py-0.18.0.tar.gz
/nix/store/d4jf1cbbk494zwgbqz31pxgigpsbh6w2-stdenv-linux/setup: line 128: /dev/null: No such file or directory
/nix/store/d4jf1cbbk494zwgbqz31pxgigpsbh6w2-stdenv-linux/setup: line 109: /dev/null: No such file or directory
/nix/store/d4jf1cbbk494zwgbqz31pxgigpsbh6w2-stdenv-linux/setup: line 111: /dev/null: No such file or directory
/nix/store/d4jf1cbbk494zwgbqz31pxgigpsbh6w2-stdenv-linux/setup: line 128: /dev/null: No such file or directory
do not know how to unpack source archive /nix/store/08zidvn6bjk7fk9yvl2j135xw35a7lns-rpds_py-0.18.0.tar.gz
/nix/store/d4jf1cbbk494zwgbqz31pxgigpsbh6w2-stdenv-linux/setup: line 128: /dev/null: No such file or directory
/nix/store/d4jf1cbbk494zwgbqz31pxgigpsbh6w2-stdenv-linux/setup: line 109: /dev/null: No such file or directory
/nix/store/d4jf1cbbk494zwgbqz31pxgigpsbh6w2-stdenv-linux/setup: line 111: /dev/null: No such file or directory
