warning: Git tree '/home/roland/poetry2nix-testing' is dirty
trace: warning: Unknown rpds-py version: '0.18.0'. Please update getCargoHash.
building '/nix/store/mmamvy1dmj8nfpspm6ks119gcd1p9bj5-checkov-3.2.24.tar.gz.drv'...
building '/nix/store/w7qwgfgmdj1rxikjrfsk2hkh2f6m4z70-GitPython-3.1.42.tar.gz.drv'...
building '/nix/store/q4df2id8v3b1xq30lqcrkhv2q2rh4xl7-argcomplete-3.2.2.tar.gz.drv'...
building '/nix/store/bivmhdi0z7036k8mga4p5a2sq692sfgb-bc-detect-secrets-1.5.4.tar.gz.drv'...
building '/nix/store/8lnmx2jsw7sxn2zzcd7db9a4ds70f6yx-beartype-0.17.2.tar.gz.drv'...
building '/nix/store/x6sdr5s5v7rp0ml8y6z7ndgv5x296jp2-boto3-1.34.25.tar.gz.drv'...
building '/nix/store/r984wlk84ljbidbssfsfrwqkq94qkil3-botocore-1.34.25.tar.gz.drv'...
building '/nix/store/y9sa3d4wgbyiba230i7a53awb3alxzg5-cyclonedx_python_lib-6.4.1.tar.gz.drv'...
building '/nix/store/8hp9lyygxd6yv5w781w9qgx048b06jxl-prettytable-3.10.0.tar.gz.drv'...
building '/nix/store/ygkhvymkrp8hsgbs58jqm7s2xvsc25d4-py_serializable-1.0.1.tar.gz.drv'...
building '/nix/store/k779h8cn3c8m452vzy9gghmbg0gmdq6c-python3.11-aiohttp-3.9.3.drv'...
building '/nix/store/wpfngk3apdy0fqb9wqk58rhc00vcjxmp-python3.11-argcomplete-3.2.2.drv'...
building '/nix/store/fbp3imrk3v1cwrhrdjgkxry2lswmnw23-python3.11-beartype-0.17.2.drv'...
building '/nix/store/lxplh3cxqaqk2vs8xp0l4yv7pkp3w5ph-python3.11-beautifulsoup4-4.12.3.drv'...
building '/nix/store/29pmynxri7mdawcqwkbxydhvd4wl31wx-python3.11-botocore-1.34.25.drv'...
building '/nix/store/npv4x11jrjcn4240lanpb68fs6nxacnn-python3.11-gitpython-3.1.42.drv'...
building '/nix/store/l25f38r21ryd46xqw81jw2yhdczkcaz0-python3.11-license-expression-30.2.0.drv'...
error: builder for '/nix/store/l25f38r21ryd46xqw81jw2yhdczkcaz0-python3.11-license-expression-30.2.0.drv' failed with exit code 127;
       last 10 log lines:
       > Removing git dependencies
       > Finished removing git dependencies
       > Removing wheel-url dependencies
       > Finished removing wheel-url dependencies
       > Running phase: updateAutotoolsGnuConfigScriptsPhase
       > Running phase: configurePhase
       > patching script interpreter paths in ./configure
       > ./configure: interpreter directive changed from "#!/usr/bin/env bash" to "/nix/store/q8qq40xg2grfh9ry1d9x4g7lq4ra7n81-bash-5.2-p21/bin/bash"
       > configure flags: --prefix=/nix/store/5w25n3cjw3hwd0czz43pkzfwvjigpj41-python3.11-license-expression-30.2.0
       > ./configure: line 110: curl: command not found
       For full logs, run 'nix log /nix/store/l25f38r21ryd46xqw81jw2yhdczkcaz0-python3.11-license-expression-30.2.0.drv'.
error: 1 dependencies of derivation '/nix/store/g3sd00268fkvzx3cs17fbfrysfvd63dn-python3.11-checkov-3.2.24.drv' failed to build
error: 1 dependencies of derivation '/nix/store/grl8myjp5p3ds8hbxd2dvnrzw1s2kwv4-nix-shell-env.drv' failed to build
