warning: Git tree '/home/roland/poetry2nix-testing' is dirty
building '/nix/store/mamc2k8m6101v3ph2c6vl72zvzx1gvv9-python3.11-pluggy-1.4.0.drv'...
building '/nix/store/vrb9ysbbnpr2l6fflji0px41jqpfvxmi-python3.11-hatchling-1.18.0.drv'...
building '/nix/store/z7zrak854c1kpzqgn6jgmpxfg24jxl4a-python3.11-colorama-0.4.6.drv'...
building '/nix/store/fs05ayrn444s6hd9rffx05b1wqs6sgdn-python3.11-hatch-vcs-0.3.0.drv'...
building '/nix/store/j672xlq58mcv5d0nnfrmngql0bz6hzld-python3.11-pygments-2.17.2.drv'...
building '/nix/store/k4gll0nc3hvwng7ncgz5ffmy7nv115hp-python3.11-iniconfig-2.0.0.drv'...
building '/nix/store/nx7lmqkm104b5dcppk7rqjij0akykyp5-python3.11-diff-cover-8.0.3.drv'...
error: builder for '/nix/store/nx7lmqkm104b5dcppk7rqjij0akykyp5-python3.11-diff-cover-8.0.3.drv' failed with exit code 2;
       last 10 log lines:
       >   File "<frozen importlib._bootstrap>", line 1204, in _gcd_import
       >   File "<frozen importlib._bootstrap>", line 1176, in _find_and_load
       >   File "<frozen importlib._bootstrap>", line 1126, in _find_and_load_unlocked
       >   File "<frozen importlib._bootstrap>", line 241, in _call_with_frames_removed
       >   File "<frozen importlib._bootstrap>", line 1204, in _gcd_import
       >   File "<frozen importlib._bootstrap>", line 1176, in _find_and_load
       >   File "<frozen importlib._bootstrap>", line 1140, in _find_and_load_unlocked
       > ModuleNotFoundError: No module named 'poetry'
       > 
       > 
       For full logs, run 'nix log /nix/store/nx7lmqkm104b5dcppk7rqjij0akykyp5-python3.11-diff-cover-8.0.3.drv'.
error: 1 dependencies of derivation '/nix/store/vxa7dmswdrfmjxs4zc94wrxa7zmyqf8h-python3.11-sqlfluff-2.3.5.drv' failed to build
error: 1 dependencies of derivation '/nix/store/m0qyl563lzncnxr3k4iz3h2rfjs954gq-nix-shell-env.drv' failed to build
