warning: Git tree '/home/roland/poetry2nix-testing' is dirty
trace: warning: Unknown rpds-py version: '0.18.0'. Please update getCargoHash.
copying path '/nix/store/df9i1v9k6g8iby26wz0mziwvb062wkgd-snowflake-connector-python-3.7.0.tar.gz' from 'https://cache.nixos.org'...
building '/nix/store/rfagxn69p47f4vami1pbnyhjf97ssd40-dbt-snowflake-1.7.2.tar.gz.drv'...
building '/nix/store/ph1i0v3ykb56im7pl8fdjbm7lj3caqzs-jaraco.classes-3.3.1.tar.gz.drv'...
building '/nix/store/ln7kply4ljaqxbvr1npdfns0mcdd4kzr-python3.11-dbt-extractor-0.5.1.drv'...
error: builder for '/nix/store/ln7kply4ljaqxbvr1npdfns0mcdd4kzr-python3.11-dbt-extractor-0.5.1.drv' failed with exit code 2;
       last 10 log lines:
       >           ^^^^^^^^^^^^^^^^^^^^^^^
       >   File "/nix/store/5k91mg4qjylxbfvrv748smfh51ppjq0g-python3-3.11.6/lib/python3.11/importlib/__init__.py", line 126, in import_module
       >     return _bootstrap._gcd_import(name[level:], package, level)
       >            ^^^^^^^^^^^^^^^^^^^^^^^^^^^^^^^^^^^^^^^^^^^^^^^^^^^^
       >   File "<frozen importlib._bootstrap>", line 1204, in _gcd_import
       >   File "<frozen importlib._bootstrap>", line 1176, in _find_and_load
       >   File "<frozen importlib._bootstrap>", line 1140, in _find_and_load_unlocked
       > ModuleNotFoundError: No module named 'maturin'
       > 
       > 
       For full logs, run 'nix log /nix/store/ln7kply4ljaqxbvr1npdfns0mcdd4kzr-python3.11-dbt-extractor-0.5.1.drv'.
error: 1 dependencies of derivation '/nix/store/p9p6rrzp6dazps3zl08hjrjldp9f0v2f-python3.11-dbt-core-1.7.8.drv' failed to build
error: 1 dependencies of derivation '/nix/store/mayplppyqzqhh52vc9mpidrz3kj03fqq-python3.11-dbt-snowflake-1.7.2.drv' failed to build
error: 1 dependencies of derivation '/nix/store/d3caxn0hp8xb54dnymylsbc25d7d2ykr-nix-shell-env.drv' failed to build
